#
# There is insufficient memory for the Java Runtime Environment to continue.
# Native memory allocation (malloc) failed to allocate 1048576 bytes for AllocateHeap
# Possible reasons:
#   The system is out of physical RAM or swap space
#   The process is running with CompressedOops enabled, and the Java Heap may be blocking the growth of the native heap
# Possible solutions:
#   Reduce memory load on the system
#   Increase physical memory or swap space
#   Check if swap backing store is full
#   Decrease Java heap size (-Xmx/-Xms)
#   Decrease number of Java threads
#   Decrease Java thread stack sizes (-Xss)
#   Set larger code cache with -XX:ReservedCodeCacheSize=
#   JVM is running with Unscaled Compressed Oops mode in which the Java heap is
#     placed in the first 4GB address space. The Java Heap base address is the
#     maximum limit for the native heap growth. Please use -XX:HeapBaseMinAddress
#     to set the Java Heap base and to place the Java Heap above 4GB virtual address.
# This output file may be truncated or incomplete.
#
#  Out of Memory Error (memory/allocation.inline.hpp:61), pid=6284, tid=0x0000000000003c34
#
# JRE version:  (8.0_221-b11) (build )
# Java VM: Java HotSpot(TM) 64-Bit Server VM (25.221-b11 mixed mode windows-amd64 compressed oops)
# Failed to write core dump. Minidumps are not enabled by default on client versions of Windows
#

---------------  T H R E A D  ---------------

Current thread (0x0000000000f1e800):  JavaThread "Unknown thread" [_thread_in_vm, id=15412, stack(0x00000000025e0000,0x00000000026e0000)]

Stack: [0x00000000025e0000,0x00000000026e0000]
[error occurred during error reporting (printing stack bounds), id 0xc0000005]

Native frames: (J=compiled Java code, j=interpreted, Vv=VM code, C=native code)


---------------  P R O C E S S  ---------------

Java Threads: ( => current thread )

Other Threads:

=>0x0000000000f1e800 (exited) JavaThread "Unknown thread" [_thread_in_vm, id=15412, stack(0x00000000025e0000,0x00000000026e0000)]

VM state:not at safepoint (normal execution)

VM Mutex/Monitor currently owned by a thread: None

heap address: 0x0000000081400000, size: 2028 MB, Compressed Oops mode: 32-bit
Narrow klass base: 0x0000000000000000, Narrow klass shift: 3
Compressed class space size: 1073741824 Address: 0x0000000100000000

Heap:
 PSYoungGen      total 38400K, used 665K [0x00000000d5c00000, 0x00000000d8680000, 0x0000000100000000)
  eden space 33280K, 2% used [0x00000000d5c00000,0x00000000d5ca6670,0x00000000d7c80000)
  from space 5120K, 0% used [0x00000000d8180000,0x00000000d8180000,0x00000000d8680000)
  to   space 5120K, 0% used [0x00000000d7c80000,0x00000000d7c80000,0x00000000d8180000)
 ParOldGen       total 87552K, used 0K [0x0000000081400000, 0x0000000086980000, 0x00000000d5c00000)
  object space 87552K, 0% used [0x0000000081400000,0x0000000081400000,0x0000000086980000)
 Metaspace       used 776K, capacity 4480K, committed 4480K, reserved 1056768K
  class space    used 76K, capacity 384K, committed 384K, reserved 1048576K

Card table byte_map: [0x0000000011d20000,0x0000000012120000] byte_map_base: 0x0000000011916000

Marking Bits: (ParMarkBitMap*) 0x0000000057665ce0
 Begin Bits: [0x0000000012bd0000, 0x0000000014b80000)
 End Bits:   [0x0000000014b80000, 0x0000000016b30000)

Polling page: 0x0000000000ef0000

CodeCache: size=245760Kb used=328Kb max_used=328Kb free=245431Kb
 bounds [0x0000000002960000, 0x0000000002bd0000, 0x0000000011960000]
 total_blobs=58 nmethods=0 adapters=38
 compilation: enabled

Compilation events (0 events):
No events

GC Heap History (0 events):
No events

Deoptimization events (0 events):
No events

Classes redefined (0 events):
No events

Internal exceptions (0 events):
No events

Events (10 events):
Event: 0.027 loading class java/lang/Short
Event: 0.027 loading class java/lang/Short done
Event: 0.027 loading class java/lang/Integer
Event: 0.027 loading class java/lang/Integer done
Event: 0.027 loading class java/lang/Long
Event: 0.027 loading class java/lang/Long done
Event: 0.028 loading class java/lang/NullPointerException
Event: 0.028 loading class java/lang/NullPointerException done
Event: 0.028 loading class java/lang/ArithmeticException
Event: 0.028 loading class java/lang/ArithmeticException done


Dynamic libraries:
0x00007ff7c8fa0000 - 0x00007ff7c8fd7000 	C:\Program Files\Java\jdk1.8.0_221\bin\java.exe
0x00007ffe37640000 - 0x00007ffe37830000 	C:\WINDOWS\SYSTEM32\ntdll.dll
0x00007ffdedc10000 - 0x00007ffdedc22000 	C:\Program Files\AVAST Software\Avast\aswhook.dll
0x00007ffe36150000 - 0x00007ffe36202000 	C:\WINDOWS\System32\KERNEL32.DLL
0x00007ffe345e0000 - 0x00007ffe34885000 	C:\WINDOWS\System32\KERNELBASE.dll
0x00007ffe364b0000 - 0x00007ffe36553000 	C:\WINDOWS\System32\ADVAPI32.dll
0x00007ffe36620000 - 0x00007ffe366be000 	C:\WINDOWS\System32\msvcrt.dll
0x00007ffe35700000 - 0x00007ffe35797000 	C:\WINDOWS\System32\sechost.dll
0x00007ffe36320000 - 0x00007ffe36440000 	C:\WINDOWS\System32\RPCRT4.dll
0x00007ffe366c0000 - 0x00007ffe36854000 	C:\WINDOWS\System32\USER32.dll
0x00007ffe35640000 - 0x00007ffe35661000 	C:\WINDOWS\System32\win32u.dll
0x00007ffe365d0000 - 0x00007ffe365f6000 	C:\WINDOWS\System32\GDI32.dll
0x00007ffe34890000 - 0x00007ffe34a26000 	C:\WINDOWS\System32\gdi32full.dll
0x00007ffe34c60000 - 0x00007ffe34cfe000 	C:\WINDOWS\System32\msvcp_win.dll
0x00007ffe34d00000 - 0x00007ffe34dfa000 	C:\WINDOWS\System32\ucrtbase.dll
0x00007ffe1b250000 - 0x00007ffe1b4d4000 	C:\WINDOWS\WinSxS\amd64_microsoft.windows.common-controls_6595b64144ccf1df_6.0.18362.1198_none_9e820b57e45ad92f\COMCTL32.dll
0x00007ffe371f0000 - 0x00007ffe37525000 	C:\WINDOWS\System32\combase.dll
0x00007ffe35670000 - 0x00007ffe356f0000 	C:\WINDOWS\System32\bcryptPrimitives.dll
0x00007ffe36210000 - 0x00007ffe3623e000 	C:\WINDOWS\System32\IMM32.DLL
0x00000000576f0000 - 0x00000000577c2000 	C:\Program Files\Java\jdk1.8.0_221\jre\bin\msvcr100.dll
0x0000000056e40000 - 0x00000000576e5000 	C:\Program Files\Java\jdk1.8.0_221\jre\bin\server\jvm.dll
0x00007ffe357a0000 - 0x00007ffe357a8000 	C:\WINDOWS\System32\PSAPI.DLL
0x00007ffe0dc70000 - 0x00007ffe0dc79000 	C:\WINDOWS\SYSTEM32\WSOCK32.dll
0x00007ffe36560000 - 0x00007ffe365cf000 	C:\WINDOWS\System32\WS2_32.dll
0x00007ffe2e960000 - 0x00007ffe2e984000 	C:\WINDOWS\SYSTEM32\WINMM.dll
0x00007ffe2b0e0000 - 0x00007ffe2b0ea000 	C:\WINDOWS\SYSTEM32\VERSION.dll
0x00007ffe2e9a0000 - 0x00007ffe2e9cd000 	C:\WINDOWS\SYSTEM32\WINMMBASE.dll
0x00007ffe34a30000 - 0x00007ffe34a7a000 	C:\WINDOWS\System32\cfgmgr32.dll
0x00007ffe2cb80000 - 0x00007ffe2cb8f000 	C:\Program Files\Java\jdk1.8.0_221\jre\bin\verify.dll
0x00007ffe2bb10000 - 0x00007ffe2bb39000 	C:\Program Files\Java\jdk1.8.0_221\jre\bin\java.dll
0x00007ffe28c80000 - 0x00007ffe28ca3000 	C:\Program Files\Java\jdk1.8.0_221\jre\bin\instrument.dll
0x00007ffe2baf0000 - 0x00007ffe2bb06000 	C:\Program Files\Java\jdk1.8.0_221\jre\bin\zip.dll

VM Arguments:
jvm_args: -javaagent:C:\Program Files\JetBrains\IntelliJ IDEA Community Edition 2019.2.4\lib\idea_rt.jar=58657:C:\Program Files\JetBrains\IntelliJ IDEA Community Edition 2019.2.4\bin -Dfile.encoding=UTF-8 
java_command: com.javarush.task.task10.task1020.Solution
java_class_path (initial): C:\Program Files\Java\jdk1.8.0_221\jre\lib\charsets.jar;C:\Program Files\Java\jdk1.8.0_221\jre\lib\deploy.jar;C:\Program Files\Java\jdk1.8.0_221\jre\lib\ext\access-bridge-64.jar;C:\Program Files\Java\jdk1.8.0_221\jre\lib\ext\cldrdata.jar;C:\Program Files\Java\jdk1.8.0_221\jre\lib\ext\dnsns.jar;C:\Program Files\Java\jdk1.8.0_221\jre\lib\ext\jaccess.jar;C:\Program Files\Java\jdk1.8.0_221\jre\lib\ext\jfxrt.jar;C:\Program Files\Java\jdk1.8.0_221\jre\lib\ext\localedata.jar;C:\Program Files\Java\jdk1.8.0_221\jre\lib\ext\nashorn.jar;C:\Program Files\Java\jdk1.8.0_221\jre\lib\ext\sunec.jar;C:\Program Files\Java\jdk1.8.0_221\jre\lib\ext\sunjce_provider.jar;C:\Program Files\Java\jdk1.8.0_221\jre\lib\ext\sunmscapi.jar;C:\Program Files\Java\jdk1.8.0_221\jre\lib\ext\sunpkcs11.jar;C:\Program Files\Java\jdk1.8.0_221\jre\lib\ext\zipfs.jar;C:\Program Files\Java\jdk1.8.0_221\jre\lib\javaws.jar;C:\Program Files\Java\jdk1.8.0_221\jre\lib\jce.jar;C:\Program Files\Java\jdk1.8.0_221\jre\lib\jfr.jar;C:\Program Files\Java\jdk1.8.0_221\jre\lib\jfxswt.jar;C:\Program Files\Java\jdk1.8.0_221\jre\lib\jsse.jar;C:\Program Files\Java\jdk1.8.0_221\jre\lib\management-agent.jar;C:\Program Files\Java\jdk1.8.0_221\jre\lib\plugin.jar;C:\Program Files\Java\jdk1.8.0_221\jre\lib\resources.jar;C:\Program Files\Java\jdk1.8.0_221\jre\lib\rt.jar;C:\temp\JavaRushTasks\out\production\1.JavaSyntax;C:\Program Files\JetBrains\IntelliJ IDEA Community Edition 2019.2.4\lib\idea_rt.jar
Launcher Type: SUN_STANDARD

Environment Variables:
PATH=C:\Program Files\Java\jdk-12.0.2\bin;C:\Program Files (x86)\Common Files\Oracle\Java\javapath;C:\Windows\system32;C:\Windows;C:\Windows\System32\Wbem;C:\Windows\System32\WindowsPowerShell\v1.0\;C:\Program Files (x86)\NVIDIA Corporation\PhysX\Common;C:\WINDOWS\system32;C:\WINDOWS;C:\WINDOWS\System32\Wbem;C:\WINDOWS\System32\WindowsPowerShell\v1.0\;;C:\WINDOWS\System32\OpenSSH\;C:\Users\gurus\AppData\Local\Microsoft\WindowsApps;
USERNAME=gurus
OS=Windows_NT
PROCESSOR_IDENTIFIER=Intel64 Family 6 Model 142 Stepping 10, GenuineIntel



---------------  S Y S T E M  ---------------

OS: Windows 10.0 , 64 bit Build 18362 (10.0.18362.1110)

CPU:total 8 (initial active 8) (4 cores per cpu, 2 threads per core) family 6 model 142 stepping 10, cmov, cx8, fxsr, mmx, sse, sse2, sse3, ssse3, sse4.1, sse4.2, popcnt, avx, avx2, aes, clmul, erms, 3dnowpref, lzcnt, ht, tsc, tscinvbit, bmi1, bmi2, adx

Memory: 4k page, physical 8304868k(2124604k free), swap 8304868k(5888k free)

vm_info: Java HotSpot(TM) 64-Bit Server VM (25.221-b11) for windows-amd64 JRE (1.8.0_221-b11), built on Jul  4 2019 04:39:29 by "java_re" with MS VC++ 10.0 (VS2010)

time: Sat Nov 21 22:11:07 2020
timezone: RTZ 2 (зима)
elapsed time: 0 seconds (0d 0h 0m 0s)

