2021-04-06 21:15:38 INFO  ProjectStartupHandler.runActivity(74) - ---------- Project opened ----------
2021-04-06 21:15:38 INFO  ProjectStartupHandler.runActivity(75) - ---------- Version 3.47 ----------

2021-04-06 21:15:39 INFO  ApacheHttpClient.isSessionAppropriateWithSecretKey(602) - Waiting for server response.
2021-04-06 21:15:39 INFO  ApacheHttpClient.isSessionAppropriateWithSecretKey(602) - Waiting for server response.
2021-04-06 21:15:39 INFO  ApacheHttpClient.refreshUserInfo(305) - responseCode = 200
2021-04-06 21:15:39 INFO  ApacheHttpClient.refreshUserInfo(311) - User information received.
2021-04-06 21:15:39 INFO  ApacheHttpClient.startGA(36) - GAService started.
2021-04-06 21:15:39 INFO  AbstractRestApiClient.startService(71) - EventsService started.
2021-04-06 21:16:08 INFO  ApacheHttpClient.getWebResourceAsStream(502) - responseCode = 200
2021-04-06 21:16:09 INFO  ApacheHttpClient.getFilteredTasks(336) - responseCode = 200
2021-04-06 21:16:24 INFO  ApacheHttpClient.getFilteredTasks(336) - responseCode = 200
2021-04-06 21:16:30 INFO  ApacheHttpClient.getFilteredTasks(336) - responseCode = 200
2021-04-06 21:16:31 INFO  ApacheHttpClient.getFilteredTasks(336) - responseCode = 200
2021-04-06 21:16:34 INFO  ApacheHttpClient.getFilteredTasks(336) - responseCode = 200
2021-04-06 21:16:38 INFO  ApacheHttpClient.getFilteredTasks(336) - responseCode = 200
2021-04-06 21:16:41 INFO  ApacheHttpClient.getFilteredTasks(336) - responseCode = 200
2021-04-06 21:16:45 INFO  ApacheHttpClient.getFilteredTasks(336) - responseCode = 200
2021-04-06 21:17:00 INFO  ApacheHttpClient.getFilteredTasks(336) - responseCode = 200
2021-04-06 21:19:22 INFO  ApacheHttpClient.getFilteredTasks(336) - responseCode = 200
2021-04-06 21:19:24 INFO  ApacheHttpClient.getTaskTemplateInfo(353) - responseCode = 200
2021-04-06 21:19:24 INFO  TaskInfoSelectorMouseListener.createDirectoryRecursive(77) - File created :C:/temp/JavaRushTasks/3.JavaMultithreading/src/com
2021-04-06 21:19:24 INFO  TaskInfoSelectorMouseListener.createDirectoryRecursive(77) - File created :C:/temp/JavaRushTasks/3.JavaMultithreading/src/com/javarush
2021-04-06 21:19:24 INFO  TaskInfoSelectorMouseListener.createDirectoryRecursive(77) - File created :C:/temp/JavaRushTasks/3.JavaMultithreading/src/com/javarush/task
2021-04-06 21:19:24 INFO  TaskInfoSelectorMouseListener.createDirectoryRecursive(77) - File created :C:/temp/JavaRushTasks/3.JavaMultithreading/src/com/javarush/task/task21
2021-04-06 21:19:24 INFO  TaskInfoSelectorMouseListener.createDirectoryRecursive(77) - File created :C:/temp/JavaRushTasks/3.JavaMultithreading/src/com/javarush/task/task21/task2113
2021-04-06 21:19:39 INFO  ApacheHttpClient.sendEvent(535) - responseCode = 200
2021-04-06 21:20:39 INFO  ApacheHttpClient.sendEvent(535) - responseCode = 200
2021-04-06 21:21:39 INFO  ApacheHttpClient.sendEvent(535) - responseCode = 200
2021-04-06 21:43:22 INFO  ApacheHttpClient.getWebResourceAsStream(502) - responseCode = 200
2021-04-06 21:43:22 INFO  ApacheHttpClient.getTask(488) - responseCode = 200
2021-04-06 21:43:23 INFO  ApacheHttpClient.completed(32) - responseCode = 200
2021-04-06 21:44:10 INFO  ApacheHttpClient.getWebResourceAsStream(502) - responseCode = 200
2021-04-06 21:44:10 INFO  ApacheHttpClient.getTask(488) - responseCode = 200
2021-04-06 21:44:11 INFO  ApacheHttpClient.completed(32) - responseCode = 200
2021-04-06 21:44:12 INFO  ApacheHttpClient.getTask(488) - responseCode = 200
